-------------------------------------------------------------------------------
Test set: runner.TestRunner
-------------------------------------------------------------------------------
Tests run: 11, Failures: 5, Errors: 0, Skipped: 0, Time elapsed: 11.75 s <<< FAILURE! -- in runner.TestRunner
runner.TestRunner.runScenario["Valid Request with All Fields", "Geolocation API"](1) -- Time elapsed: 1.799 s <<< FAILURE!
java.lang.AssertionError: expected [403] but found [200]
	at org.testng.Assert.fail(Assert.java:111)
	at org.testng.Assert.failNotEquals(Assert.java:1578)
	at org.testng.Assert.assertEqualsImpl(Assert.java:150)
	at org.testng.Assert.assertEquals(Assert.java:132)
	at org.testng.Assert.assertEquals(Assert.java:1419)
	at org.testng.Assert.assertEquals(Assert.java:1383)
	at org.testng.Assert.assertEquals(Assert.java:1429)
	at stepDefinitions.geolocationVerificationStepDefinition.theAPIShouldReturnAStatusCode(geolocationVerificationStepDefinition.java:47)
	at ✽.the API should return a 200 status code(file:///Users/monikadubey/Downloads/GeolocationApiAutomation-master%202/src/test/resources/features/geolocationVerification.feature:6)

runner.TestRunner.runScenario["Valid Request with IP Consideration Only", "Geolocation API"](2) -- Time elapsed: 0.395 s <<< FAILURE!
java.lang.AssertionError: expected [403] but found [200]
	at org.testng.Assert.fail(Assert.java:111)
	at org.testng.Assert.failNotEquals(Assert.java:1578)
	at org.testng.Assert.assertEqualsImpl(Assert.java:150)
	at org.testng.Assert.assertEquals(Assert.java:132)
	at org.testng.Assert.assertEquals(Assert.java:1419)
	at org.testng.Assert.assertEquals(Assert.java:1383)
	at org.testng.Assert.assertEquals(Assert.java:1429)
	at stepDefinitions.geolocationVerificationStepDefinition.theAPIShouldReturnAStatusCode(geolocationVerificationStepDefinition.java:47)
	at ✽.the API should return a 200 status code(file:///Users/monikadubey/Downloads/GeolocationApiAutomation-master%202/src/test/resources/features/geolocationVerification.feature:12)

runner.TestRunner.runScenario["Consider IP as False", "Geolocation API"](9) -- Time elapsed: 0.361 s <<< FAILURE!
java.lang.AssertionError: expected [403] but found [404]
	at org.testng.Assert.fail(Assert.java:111)
	at org.testng.Assert.failNotEquals(Assert.java:1578)
	at org.testng.Assert.assertEqualsImpl(Assert.java:150)
	at org.testng.Assert.assertEquals(Assert.java:132)
	at org.testng.Assert.assertEquals(Assert.java:1419)
	at org.testng.Assert.assertEquals(Assert.java:1383)
	at org.testng.Assert.assertEquals(Assert.java:1429)
	at stepDefinitions.geolocationVerificationStepDefinition.theAPIShouldReturnAStatusCode(geolocationVerificationStepDefinition.java:47)
	at ✽.the API should return a 404 status code(file:///Users/monikadubey/Downloads/GeolocationApiAutomation-master%202/src/test/resources/features/geolocationVerification.feature:54)

runner.TestRunner.runScenario["Validate with Only homeMobileCountryCode and homeMobileNetworkCode", "Geolocation API"](10) -- Time elapsed: 0.373 s <<< FAILURE!
java.lang.AssertionError: expected [403] but found [200]
	at org.testng.Assert.fail(Assert.java:111)
	at org.testng.Assert.failNotEquals(Assert.java:1578)
	at org.testng.Assert.assertEqualsImpl(Assert.java:150)
	at org.testng.Assert.assertEquals(Assert.java:132)
	at org.testng.Assert.assertEquals(Assert.java:1419)
	at org.testng.Assert.assertEquals(Assert.java:1383)
	at org.testng.Assert.assertEquals(Assert.java:1429)
	at stepDefinitions.geolocationVerificationStepDefinition.theAPIShouldReturnAStatusCode(geolocationVerificationStepDefinition.java:47)
	at ✽.the API should return a 200 status code(file:///Users/monikadubey/Downloads/GeolocationApiAutomation-master%202/src/test/resources/features/geolocationVerification.feature:60)

runner.TestRunner.runScenario["Valid Request without considerIp", "Geolocation API"](11) -- Time elapsed: 0.331 s <<< FAILURE!
java.lang.AssertionError: expected [403] but found [200]
	at org.testng.Assert.fail(Assert.java:111)
	at org.testng.Assert.failNotEquals(Assert.java:1578)
	at org.testng.Assert.assertEqualsImpl(Assert.java:150)
	at org.testng.Assert.assertEquals(Assert.java:132)
	at org.testng.Assert.assertEquals(Assert.java:1419)
	at org.testng.Assert.assertEquals(Assert.java:1383)
	at org.testng.Assert.assertEquals(Assert.java:1429)
	at stepDefinitions.geolocationVerificationStepDefinition.theAPIShouldReturnAStatusCode(geolocationVerificationStepDefinition.java:47)
	at ✽.the API should return a 200 status code(file:///Users/monikadubey/Downloads/GeolocationApiAutomation-master%202/src/test/resources/features/geolocationVerification.feature:66)

