<?xml version="1.0" encoding="UTF-8"?>
<testng-results ignored="0" total="11" passed="6" failed="5" skipped="0">
  <reporter-output>
  </reporter-output>
  <suite started-at="2024-08-29T23:20:26 IST" name="Surefire suite" finished-at="2024-08-29T23:20:32 IST" duration-ms="6373">
    <groups>
      <group name="cucumber">
        <method signature="AbstractTestNGCucumberTests.runScenario(io.cucumber.testng.PickleWrapper,io.cucumber.testng.FeatureWrapper)[pri:0, instance:runner.TestRunner@6025e1b6]" name="runScenario" class="io.cucumber.testng.AbstractTestNGCucumberTests"/>
      </group> <!-- cucumber -->
    </groups>
    <test started-at="2024-08-29T23:20:26 IST" name="Surefire test" finished-at="2024-08-29T23:20:32 IST" duration-ms="6373">
      <class name="runner.TestRunner">
        <test-method is-config="true" signature="setUpClass(org.testng.ITestContext)[pri:0, instance:runner.TestRunner@6025e1b6]" started-at="2024-08-29T23:20:26 IST" name="setUpClass" finished-at="2024-08-29T23:20:26 IST" duration-ms="432" status="PASS">
          <params>
            <param index="0">
              <value>
                <![CDATA[org.testng.TestRunner@24e1e90a]]>
              </value>
            </param>
          </params>
          <reporter-output>
          </reporter-output>
        </test-method> <!-- setUpClass -->
        <test-method signature="runScenario(io.cucumber.testng.PickleWrapper,io.cucumber.testng.FeatureWrapper)[pri:0, instance:runner.TestRunner@6025e1b6]" started-at="2024-08-29T23:20:26 IST" name="runScenario" description="Runs Cucumber Scenarios" data-provider="scenarios" finished-at="2024-08-29T23:20:28 IST" duration-ms="1797" status="FAIL">
          <params>
            <param index="0">
              <value>
                <![CDATA["Valid Request with All Fields"]]>
              </value>
            </param>
            <param index="1">
              <value>
                <![CDATA["Geolocation API"]]>
              </value>
            </param>
          </params>
          <exception class="java.lang.AssertionError">
            <message>
              <![CDATA[expected [403] but found [200]]]>
            </message>
            <full-stacktrace>
              <![CDATA[java.lang.AssertionError: expected [403] but found [200]
at org.testng.Assert.fail(Assert.java:111)
at org.testng.Assert.failNotEquals(Assert.java:1578)
at org.testng.Assert.assertEqualsImpl(Assert.java:150)
at org.testng.Assert.assertEquals(Assert.java:132)
at org.testng.Assert.assertEquals(Assert.java:1419)
at org.testng.Assert.assertEquals(Assert.java:1383)
at org.testng.Assert.assertEquals(Assert.java:1429)
at stepDefinitions.geolocationVerificationStepDefinition.theAPIShouldReturnAStatusCode(geolocationVerificationStepDefinition.java:47)
at ✽.the API should return a 200 status code(file:///Users/monikadubey/Downloads/GeolocationApiAutomation-master%202/src/test/resources/features/geolocationVerification.feature:6)
]]>
            </full-stacktrace>
          </exception> <!-- java.lang.AssertionError -->
          <reporter-output>
          </reporter-output>
        </test-method> <!-- runScenario -->
        <test-method signature="runScenario(io.cucumber.testng.PickleWrapper,io.cucumber.testng.FeatureWrapper)[pri:0, instance:runner.TestRunner@6025e1b6]" started-at="2024-08-29T23:20:28 IST" name="runScenario" description="Runs Cucumber Scenarios" data-provider="scenarios" finished-at="2024-08-29T23:20:28 IST" duration-ms="396" status="FAIL">
          <params>
            <param index="0">
              <value>
                <![CDATA["Valid Request with IP Consideration Only"]]>
              </value>
            </param>
            <param index="1">
              <value>
                <![CDATA["Geolocation API"]]>
              </value>
            </param>
          </params>
          <exception class="java.lang.AssertionError">
            <message>
              <![CDATA[expected [403] but found [200]]]>
            </message>
            <full-stacktrace>
              <![CDATA[java.lang.AssertionError: expected [403] but found [200]
at org.testng.Assert.fail(Assert.java:111)
at org.testng.Assert.failNotEquals(Assert.java:1578)
at org.testng.Assert.assertEqualsImpl(Assert.java:150)
at org.testng.Assert.assertEquals(Assert.java:132)
at org.testng.Assert.assertEquals(Assert.java:1419)
at org.testng.Assert.assertEquals(Assert.java:1383)
at org.testng.Assert.assertEquals(Assert.java:1429)
at stepDefinitions.geolocationVerificationStepDefinition.theAPIShouldReturnAStatusCode(geolocationVerificationStepDefinition.java:47)
at ✽.the API should return a 200 status code(file:///Users/monikadubey/Downloads/GeolocationApiAutomation-master%202/src/test/resources/features/geolocationVerification.feature:12)
]]>
            </full-stacktrace>
          </exception> <!-- java.lang.AssertionError -->
          <reporter-output>
          </reporter-output>
        </test-method> <!-- runScenario -->
        <test-method signature="runScenario(io.cucumber.testng.PickleWrapper,io.cucumber.testng.FeatureWrapper)[pri:0, instance:runner.TestRunner@6025e1b6]" started-at="2024-08-29T23:20:28 IST" name="runScenario" description="Runs Cucumber Scenarios" data-provider="scenarios" finished-at="2024-08-29T23:20:29 IST" duration-ms="674" status="PASS">
          <params>
            <param index="0">
              <value>
                <![CDATA["Invalid API Key"]]>
              </value>
            </param>
            <param index="1">
              <value>
                <![CDATA["Geolocation API"]]>
              </value>
            </param>
          </params>
          <reporter-output>
          </reporter-output>
        </test-method> <!-- runScenario -->
        <test-method signature="runScenario(io.cucumber.testng.PickleWrapper,io.cucumber.testng.FeatureWrapper)[pri:0, instance:runner.TestRunner@6025e1b6]" started-at="2024-08-29T23:20:29 IST" name="runScenario" description="Runs Cucumber Scenarios" data-provider="scenarios" finished-at="2024-08-29T23:20:29 IST" duration-ms="345" status="PASS">
          <params>
            <param index="0">
              <value>
                <![CDATA["Missing API Key"]]>
              </value>
            </param>
            <param index="1">
              <value>
                <![CDATA["Geolocation API"]]>
              </value>
            </param>
          </params>
          <reporter-output>
          </reporter-output>
        </test-method> <!-- runScenario -->
        <test-method signature="runScenario(io.cucumber.testng.PickleWrapper,io.cucumber.testng.FeatureWrapper)[pri:0, instance:runner.TestRunner@6025e1b6]" started-at="2024-08-29T23:20:29 IST" name="runScenario" description="Runs Cucumber Scenarios" data-provider="scenarios" finished-at="2024-08-29T23:20:30 IST" duration-ms="357" status="PASS">
          <params>
            <param index="0">
              <value>
                <![CDATA["Invalid homeMobileCountryCode"]]>
              </value>
            </param>
            <param index="1">
              <value>
                <![CDATA["Geolocation API"]]>
              </value>
            </param>
          </params>
          <reporter-output>
          </reporter-output>
        </test-method> <!-- runScenario -->
        <test-method signature="runScenario(io.cucumber.testng.PickleWrapper,io.cucumber.testng.FeatureWrapper)[pri:0, instance:runner.TestRunner@6025e1b6]" started-at="2024-08-29T23:20:30 IST" name="runScenario" description="Runs Cucumber Scenarios" data-provider="scenarios" finished-at="2024-08-29T23:20:30 IST" duration-ms="341" status="PASS">
          <params>
            <param index="0">
              <value>
                <![CDATA["Invalid homeMobileNetworkCode"]]>
              </value>
            </param>
            <param index="1">
              <value>
                <![CDATA["Geolocation API"]]>
              </value>
            </param>
          </params>
          <reporter-output>
          </reporter-output>
        </test-method> <!-- runScenario -->
        <test-method signature="runScenario(io.cucumber.testng.PickleWrapper,io.cucumber.testng.FeatureWrapper)[pri:0, instance:runner.TestRunner@6025e1b6]" started-at="2024-08-29T23:20:30 IST" name="runScenario" description="Runs Cucumber Scenarios" data-provider="scenarios" finished-at="2024-08-29T23:20:30 IST" duration-ms="310" status="PASS">
          <params>
            <param index="0">
              <value>
                <![CDATA["Unsupported radioType"]]>
              </value>
            </param>
            <param index="1">
              <value>
                <![CDATA["Geolocation API"]]>
              </value>
            </param>
          </params>
          <reporter-output>
          </reporter-output>
        </test-method> <!-- runScenario -->
        <test-method signature="runScenario(io.cucumber.testng.PickleWrapper,io.cucumber.testng.FeatureWrapper)[pri:0, instance:runner.TestRunner@6025e1b6]" started-at="2024-08-29T23:20:30 IST" name="runScenario" description="Runs Cucumber Scenarios" data-provider="scenarios" finished-at="2024-08-29T23:20:31 IST" duration-ms="361" status="PASS">
          <params>
            <param index="0">
              <value>
                <![CDATA["Invalid JSON Structure"]]>
              </value>
            </param>
            <param index="1">
              <value>
                <![CDATA["Geolocation API"]]>
              </value>
            </param>
          </params>
          <reporter-output>
          </reporter-output>
        </test-method> <!-- runScenario -->
        <test-method signature="runScenario(io.cucumber.testng.PickleWrapper,io.cucumber.testng.FeatureWrapper)[pri:0, instance:runner.TestRunner@6025e1b6]" started-at="2024-08-29T23:20:31 IST" name="runScenario" description="Runs Cucumber Scenarios" data-provider="scenarios" finished-at="2024-08-29T23:20:31 IST" duration-ms="361" status="FAIL">
          <params>
            <param index="0">
              <value>
                <![CDATA["Consider IP as False"]]>
              </value>
            </param>
            <param index="1">
              <value>
                <![CDATA["Geolocation API"]]>
              </value>
            </param>
          </params>
          <exception class="java.lang.AssertionError">
            <message>
              <![CDATA[expected [403] but found [404]]]>
            </message>
            <full-stacktrace>
              <![CDATA[java.lang.AssertionError: expected [403] but found [404]
at org.testng.Assert.fail(Assert.java:111)
at org.testng.Assert.failNotEquals(Assert.java:1578)
at org.testng.Assert.assertEqualsImpl(Assert.java:150)
at org.testng.Assert.assertEquals(Assert.java:132)
at org.testng.Assert.assertEquals(Assert.java:1419)
at org.testng.Assert.assertEquals(Assert.java:1383)
at org.testng.Assert.assertEquals(Assert.java:1429)
at stepDefinitions.geolocationVerificationStepDefinition.theAPIShouldReturnAStatusCode(geolocationVerificationStepDefinition.java:47)
at ✽.the API should return a 404 status code(file:///Users/monikadubey/Downloads/GeolocationApiAutomation-master%202/src/test/resources/features/geolocationVerification.feature:54)
]]>
            </full-stacktrace>
          </exception> <!-- java.lang.AssertionError -->
          <reporter-output>
          </reporter-output>
        </test-method> <!-- runScenario -->
        <test-method signature="runScenario(io.cucumber.testng.PickleWrapper,io.cucumber.testng.FeatureWrapper)[pri:0, instance:runner.TestRunner@6025e1b6]" started-at="2024-08-29T23:20:31 IST" name="runScenario" description="Runs Cucumber Scenarios" data-provider="scenarios" finished-at="2024-08-29T23:20:31 IST" duration-ms="372" status="FAIL">
          <params>
            <param index="0">
              <value>
                <![CDATA["Validate with Only homeMobileCountryCode and homeMobileNetworkCode"]]>
              </value>
            </param>
            <param index="1">
              <value>
                <![CDATA["Geolocation API"]]>
              </value>
            </param>
          </params>
          <exception class="java.lang.AssertionError">
            <message>
              <![CDATA[expected [403] but found [200]]]>
            </message>
            <full-stacktrace>
              <![CDATA[java.lang.AssertionError: expected [403] but found [200]
at org.testng.Assert.fail(Assert.java:111)
at org.testng.Assert.failNotEquals(Assert.java:1578)
at org.testng.Assert.assertEqualsImpl(Assert.java:150)
at org.testng.Assert.assertEquals(Assert.java:132)
at org.testng.Assert.assertEquals(Assert.java:1419)
at org.testng.Assert.assertEquals(Assert.java:1383)
at org.testng.Assert.assertEquals(Assert.java:1429)
at stepDefinitions.geolocationVerificationStepDefinition.theAPIShouldReturnAStatusCode(geolocationVerificationStepDefinition.java:47)
at ✽.the API should return a 200 status code(file:///Users/monikadubey/Downloads/GeolocationApiAutomation-master%202/src/test/resources/features/geolocationVerification.feature:60)
]]>
            </full-stacktrace>
          </exception> <!-- java.lang.AssertionError -->
          <reporter-output>
          </reporter-output>
        </test-method> <!-- runScenario -->
        <test-method signature="runScenario(io.cucumber.testng.PickleWrapper,io.cucumber.testng.FeatureWrapper)[pri:0, instance:runner.TestRunner@6025e1b6]" started-at="2024-08-29T23:20:31 IST" name="runScenario" description="Runs Cucumber Scenarios" data-provider="scenarios" finished-at="2024-08-29T23:20:32 IST" duration-ms="330" status="FAIL">
          <params>
            <param index="0">
              <value>
                <![CDATA["Valid Request without considerIp"]]>
              </value>
            </param>
            <param index="1">
              <value>
                <![CDATA["Geolocation API"]]>
              </value>
            </param>
          </params>
          <exception class="java.lang.AssertionError">
            <message>
              <![CDATA[expected [403] but found [200]]]>
            </message>
            <full-stacktrace>
              <![CDATA[java.lang.AssertionError: expected [403] but found [200]
at org.testng.Assert.fail(Assert.java:111)
at org.testng.Assert.failNotEquals(Assert.java:1578)
at org.testng.Assert.assertEqualsImpl(Assert.java:150)
at org.testng.Assert.assertEquals(Assert.java:132)
at org.testng.Assert.assertEquals(Assert.java:1419)
at org.testng.Assert.assertEquals(Assert.java:1383)
at org.testng.Assert.assertEquals(Assert.java:1429)
at stepDefinitions.geolocationVerificationStepDefinition.theAPIShouldReturnAStatusCode(geolocationVerificationStepDefinition.java:47)
at ✽.the API should return a 200 status code(file:///Users/monikadubey/Downloads/GeolocationApiAutomation-master%202/src/test/resources/features/geolocationVerification.feature:66)
]]>
            </full-stacktrace>
          </exception> <!-- java.lang.AssertionError -->
          <reporter-output>
          </reporter-output>
        </test-method> <!-- runScenario -->
        <test-method is-config="true" signature="tearDownClass()[pri:0, instance:runner.TestRunner@6025e1b6]" started-at="2024-08-29T23:20:32 IST" name="tearDownClass" finished-at="2024-08-29T23:20:32 IST" duration-ms="264" status="PASS">
          <reporter-output>
          </reporter-output>
        </test-method> <!-- tearDownClass -->
      </class> <!-- runner.TestRunner -->
    </test> <!-- Surefire test -->
  </suite> <!-- Surefire suite -->
</testng-results>
