<?xml version="1.0" encoding="UTF-8"?>
<testsuite xmlns:xsi="http://www.w3.org/2001/XMLSchema-instance" xsi:noNamespaceSchemaLocation="https://maven.apache.org/surefire/maven-surefire-plugin/xsd/surefire-test-report-3.0.xsd" version="3.0" name="runner.TestRunner" time="11.748" tests="11" errors="0" skipped="0" failures="5">
  <properties>
[...]
</properties>
  <testcase name="runScenario[&quot;Valid Request with All Fields&quot;, &quot;Geolocation API&quot;](1)" classname="runner.TestRunner" time="1.799">
    <failure message="expected [403] but found [200]" type="java.lang.AssertionError"><![CDATA[java.lang.AssertionError: expected [403] but found [200]
	at org.testng.Assert.fail(Assert.java:111)
	at org.testng.Assert.failNotEquals(Assert.java:1578)
	at org.testng.Assert.assertEqualsImpl(Assert.java:150)
	at org.testng.Assert.assertEquals(Assert.java:132)
	at org.testng.Assert.assertEquals(Assert.java:1419)
	at org.testng.Assert.assertEquals(Assert.java:1383)
	at org.testng.Assert.assertEquals(Assert.java:1429)
	at stepDefinitions.geolocationVerificationStepDefinition.theAPIShouldReturnAStatusCode(geolocationVerificationStepDefinition.java:47)
	at ✽.the API should return a 200 status code(file:///Users/monikadubey/Downloads/GeolocationApiAutomation-master%202/src/test/resources/features/geolocationVerification.feature:6)
]]></failure>
    <system-out><![CDATA[Request method:	POST
Request URI:	https://www.googleapis.com/geolocation/v1/geolocate?key=AIzaSyCl1cbsG4EVO7wJ103IqTG4xheubQY9AzM
Proxy:			<none>
Request params:	<none>
Query params:	<none>
Form params:	<none>
Path params:	<none>
Headers:		Accept=*/*
				Content-Type=application/json
Cookies:		<none>
Multiparts:		<none>
Body:
{
    "homeMobileCountryCode": 310,
    "homeMobileNetworkCode": 410,
    "radioType": "gsm",
    "carrier": "Vodafone",
    "considerIp": true
}
{
    "error": {
        "code": 403,
        "message": "PERMISSION_DENIED: You must enable Billing on the Google Cloud Project",
        "errors": [
            {
                "message": "PERMISSION_DENIED: You must enable Billing on the Google Cloud Project",
                "domain": "geolocation",
                "reason": "forbidden"
            }
        ]
    }
}
]]></system-out>
  </testcase>
  <testcase name="runScenario[&quot;Valid Request with IP Consideration Only&quot;, &quot;Geolocation API&quot;](2)" classname="runner.TestRunner" time="0.395">
    <failure message="expected [403] but found [200]" type="java.lang.AssertionError"><![CDATA[java.lang.AssertionError: expected [403] but found [200]
	at org.testng.Assert.fail(Assert.java:111)
	at org.testng.Assert.failNotEquals(Assert.java:1578)
	at org.testng.Assert.assertEqualsImpl(Assert.java:150)
	at org.testng.Assert.assertEquals(Assert.java:132)
	at org.testng.Assert.assertEquals(Assert.java:1419)
	at org.testng.Assert.assertEquals(Assert.java:1383)
	at org.testng.Assert.assertEquals(Assert.java:1429)
	at stepDefinitions.geolocationVerificationStepDefinition.theAPIShouldReturnAStatusCode(geolocationVerificationStepDefinition.java:47)
	at ✽.the API should return a 200 status code(file:///Users/monikadubey/Downloads/GeolocationApiAutomation-master%202/src/test/resources/features/geolocationVerification.feature:12)
]]></failure>
    <system-out><![CDATA[Request method:	POST
Request URI:	https://www.googleapis.com/geolocation/v1/geolocate?key=AIzaSyCl1cbsG4EVO7wJ103IqTG4xheubQY9AzM
Proxy:			<none>
Request params:	<none>
Query params:	<none>
Form params:	<none>
Path params:	<none>
Headers:		Accept=*/*
				Content-Type=application/json
Cookies:		<none>
Multiparts:		<none>
Body:
{
    "homeMobileCountryCode": null,
    "homeMobileNetworkCode": null,
    "radioType": null,
    "carrier": null,
    "considerIp": true
}
{
    "error": {
        "code": 403,
        "message": "PERMISSION_DENIED: You must enable Billing on the Google Cloud Project",
        "errors": [
            {
                "message": "PERMISSION_DENIED: You must enable Billing on the Google Cloud Project",
                "domain": "geolocation",
                "reason": "forbidden"
            }
        ]
    }
}
]]></system-out>
  </testcase>
  <testcase name="runScenario[&quot;Invalid API Key&quot;, &quot;Geolocation API&quot;](3)" classname="runner.TestRunner" time="0.675">
    <system-out><![CDATA[Request method:	POST
Request URI:	https://www.googleapis.com/geolocation/v1/geolocate?key=INVALID_API_KEY
Proxy:			<none>
Request params:	<none>
Query params:	<none>
Form params:	<none>
Path params:	<none>
Headers:		Accept=*/*
				Content-Type=application/json
Cookies:		<none>
Multiparts:		<none>
Body:
{
    "homeMobileCountryCode": 310,
    "homeMobileNetworkCode": 410,
    "radioType": "gsm",
    "carrier": "Vodafone",
    "considerIp": true
}
{
    "error": {
        "code": 400,
        "message": "API key not valid. Please pass a valid API key.",
        "errors": [
            {
                "message": "API key not valid. Please pass a valid API key.",
                "domain": "global",
                "reason": "badRequest"
            }
        ],
        "status": "INVALID_ARGUMENT",
        "details": [
            {
                "@type": "type.googleapis.com/google.rpc.ErrorInfo",
                "reason": "API_KEY_INVALID",
                "domain": "googleapis.com",
                "metadata": {
                    "service": "geolocation.googleapis.com"
                }
            }
        ]
    }
}
]]></system-out>
  </testcase>
  <testcase name="runScenario[&quot;Missing API Key&quot;, &quot;Geolocation API&quot;](4)" classname="runner.TestRunner" time="0.346">
    <system-out><![CDATA[Request method:	POST
Request URI:	https://www.googleapis.com/geolocation/v1/geolocate
Proxy:			<none>
Request params:	<none>
Query params:	<none>
Form params:	<none>
Path params:	<none>
Headers:		Accept=*/*
				Content-Type=application/json
Cookies:		<none>
Multiparts:		<none>
Body:
{
    "homeMobileCountryCode": 310,
    "homeMobileNetworkCode": 410,
    "radioType": "gsm",
    "carrier": "Vodafone",
    "considerIp": true
}
{
    "error": {
        "code": 403,
        "message": "Method doesn't allow unregistered callers (callers without established identity). Please use API Key or other form of API consumer identity to call this API.",
        "errors": [
            {
                "message": "Method doesn't allow unregistered callers (callers without established identity). Please use API Key or other form of API consumer identity to call this API.",
                "domain": "global",
                "reason": "forbidden"
            }
        ],
        "status": "PERMISSION_DENIED"
    }
}
]]></system-out>
  </testcase>
  <testcase name="runScenario[&quot;Invalid homeMobileCountryCode&quot;, &quot;Geolocation API&quot;](5)" classname="runner.TestRunner" time="0.357">
    <system-out><![CDATA[Request method:	POST
Request URI:	https://www.googleapis.com/geolocation/v1/geolocate?key=AIzaSyCl1cbsG4EVO7wJ103IqTG4xheubQY9AzM
Proxy:			<none>
Request params:	<none>
Query params:	<none>
Form params:	<none>
Path params:	<none>
Headers:		Accept=*/*
				Content-Type=application/json
Cookies:		<none>
Multiparts:		<none>
Body:
{
    "homeMobileCountryCode": "test",
    "homeMobileNetworkCode": 410,
    "radioType": "gsm",
    "carrier": "Vodafone",
    "considerIp": true
}
{
    "error": {
        "code": 400,
        "message": "Invalid value at 'home_mobile_country_code' (TYPE_UINT32), \"test\"",
        "errors": [
            {
                "message": "Invalid value at 'home_mobile_country_code' (TYPE_UINT32), \"test\"",
                "reason": "invalid"
            }
        ],
        "status": "INVALID_ARGUMENT",
        "details": [
            {
                "@type": "type.googleapis.com/google.rpc.BadRequest",
                "fieldViolations": [
                    {
                        "field": "home_mobile_country_code",
                        "description": "Invalid value at 'home_mobile_country_code' (TYPE_UINT32), \"test\""
                    }
                ]
            }
        ]
    }
}
]]></system-out>
  </testcase>
  <testcase name="runScenario[&quot;Invalid homeMobileNetworkCode&quot;, &quot;Geolocation API&quot;](6)" classname="runner.TestRunner" time="0.341">
    <system-out><![CDATA[Request method:	POST
Request URI:	https://www.googleapis.com/geolocation/v1/geolocate?key=AIzaSyCl1cbsG4EVO7wJ103IqTG4xheubQY9AzM
Proxy:			<none>
Request params:	<none>
Query params:	<none>
Form params:	<none>
Path params:	<none>
Headers:		Accept=*/*
				Content-Type=application/json
Cookies:		<none>
Multiparts:		<none>
Body:
{
    "homeMobileCountryCode": 310,
    "homeMobileNetworkCode": "test",
    "radioType": "gsm",
    "carrier": "Vodafone",
    "considerIp": true
}
{
    "error": {
        "code": 400,
        "message": "Invalid value at 'home_mobile_network_code' (TYPE_UINT32), \"test\"",
        "errors": [
            {
                "message": "Invalid value at 'home_mobile_network_code' (TYPE_UINT32), \"test\"",
                "reason": "invalid"
            }
        ],
        "status": "INVALID_ARGUMENT",
        "details": [
            {
                "@type": "type.googleapis.com/google.rpc.BadRequest",
                "fieldViolations": [
                    {
                        "field": "home_mobile_network_code",
                        "description": "Invalid value at 'home_mobile_network_code' (TYPE_UINT32), \"test\""
                    }
                ]
            }
        ]
    }
}
]]></system-out>
  </testcase>
  <testcase name="runScenario[&quot;Unsupported radioType&quot;, &quot;Geolocation API&quot;](7)" classname="runner.TestRunner" time="0.31">
    <system-out><![CDATA[Request method:	POST
Request URI:	https://www.googleapis.com/geolocation/v1/geolocate?key=AIzaSyCl1cbsG4EVO7wJ103IqTG4xheubQY9AzM
Proxy:			<none>
Request params:	<none>
Query params:	<none>
Form params:	<none>
Path params:	<none>
Headers:		Accept=*/*
				Content-Type=application/json
Cookies:		<none>
Multiparts:		<none>
Body:
{
    "homeMobileCountryCode": 310,
    "homeMobileNetworkCode": 410,
    "radioType": "test",
    "carrier": "Vodafone",
    "considerIp": true
}
{
    "error": {
        "code": 400,
        "message": "Invalid value at 'radio_type' (type.googleapis.com/maps_api.GeolocationRequest.RadioType), \"test\"",
        "errors": [
            {
                "message": "Invalid value at 'radio_type' (type.googleapis.com/maps_api.GeolocationRequest.RadioType), \"test\"",
                "reason": "invalid"
            }
        ],
        "status": "INVALID_ARGUMENT",
        "details": [
            {
                "@type": "type.googleapis.com/google.rpc.BadRequest",
                "fieldViolations": [
                    {
                        "field": "radio_type",
                        "description": "Invalid value at 'radio_type' (type.googleapis.com/maps_api.GeolocationRequest.RadioType), \"test\""
                    }
                ]
            }
        ]
    }
}
]]></system-out>
  </testcase>
  <testcase name="runScenario[&quot;Invalid JSON Structure&quot;, &quot;Geolocation API&quot;](8)" classname="runner.TestRunner" time="0.361">
    <system-out><![CDATA[Request method:	POST
Request URI:	https://www.googleapis.com/geolocation/v1/geolocate?key=AIzaSyCl1cbsG4EVO7wJ103IqTG4xheubQY9AzM
Proxy:			<none>
Request params:	<none>
Query params:	<none>
Form params:	<none>
Path params:	<none>
Headers:		Accept=*/*
				Content-Type=application/json
Cookies:		<none>
Multiparts:		<none>
Body:
[
    {
        "homeMobileCountryCode": 310,
        "homeMobileNetworkCode": 410,
        "radioType": "gsm",
        "carrier": "Vodafone",
        "considerIp": true
    }
]
{
    "error": {
        "code": 400,
        "message": "Invalid JSON payload received. Unknown name \"\": Root element must be a message.",
        "errors": [
            {
                "message": "Invalid JSON payload received. Unknown name \"\": Root element must be a message.",
                "reason": "invalid"
            }
        ],
        "status": "INVALID_ARGUMENT",
        "details": [
            {
                "@type": "type.googleapis.com/google.rpc.BadRequest",
                "fieldViolations": [
                    {
                        "description": "Invalid JSON payload received. Unknown name \"\": Root element must be a message."
                    }
                ]
            }
        ]
    }
}
]]></system-out>
  </testcase>
  <testcase name="runScenario[&quot;Consider IP as False&quot;, &quot;Geolocation API&quot;](9)" classname="runner.TestRunner" time="0.361">
    <failure message="expected [403] but found [404]" type="java.lang.AssertionError"><![CDATA[java.lang.AssertionError: expected [403] but found [404]
	at org.testng.Assert.fail(Assert.java:111)
	at org.testng.Assert.failNotEquals(Assert.java:1578)
	at org.testng.Assert.assertEqualsImpl(Assert.java:150)
	at org.testng.Assert.assertEquals(Assert.java:132)
	at org.testng.Assert.assertEquals(Assert.java:1419)
	at org.testng.Assert.assertEquals(Assert.java:1383)
	at org.testng.Assert.assertEquals(Assert.java:1429)
	at stepDefinitions.geolocationVerificationStepDefinition.theAPIShouldReturnAStatusCode(geolocationVerificationStepDefinition.java:47)
	at ✽.the API should return a 404 status code(file:///Users/monikadubey/Downloads/GeolocationApiAutomation-master%202/src/test/resources/features/geolocationVerification.feature:54)
]]></failure>
    <system-out><![CDATA[Request method:	POST
Request URI:	https://www.googleapis.com/geolocation/v1/geolocate?key=AIzaSyCl1cbsG4EVO7wJ103IqTG4xheubQY9AzM
Proxy:			<none>
Request params:	<none>
Query params:	<none>
Form params:	<none>
Path params:	<none>
Headers:		Accept=*/*
				Content-Type=application/json
Cookies:		<none>
Multiparts:		<none>
Body:
{
    "homeMobileCountryCode": 310,
    "homeMobileNetworkCode": 410,
    "radioType": "gsm",
    "carrier": "Vodafone",
    "considerIp": false
}
{
    "error": {
        "code": 403,
        "message": "PERMISSION_DENIED: You must enable Billing on the Google Cloud Project",
        "errors": [
            {
                "message": "PERMISSION_DENIED: You must enable Billing on the Google Cloud Project",
                "domain": "geolocation",
                "reason": "forbidden"
            }
        ]
    }
}
]]></system-out>
  </testcase>
  <testcase name="runScenario[&quot;Validate with Only homeMobileCountryCode and homeMobileNetworkCode&quot;, &quot;Geolocation API&quot;](10)" classname="runner.TestRunner" time="0.373">
    <failure message="expected [403] but found [200]" type="java.lang.AssertionError"><![CDATA[java.lang.AssertionError: expected [403] but found [200]
	at org.testng.Assert.fail(Assert.java:111)
	at org.testng.Assert.failNotEquals(Assert.java:1578)
	at org.testng.Assert.assertEqualsImpl(Assert.java:150)
	at org.testng.Assert.assertEquals(Assert.java:132)
	at org.testng.Assert.assertEquals(Assert.java:1419)
	at org.testng.Assert.assertEquals(Assert.java:1383)
	at org.testng.Assert.assertEquals(Assert.java:1429)
	at stepDefinitions.geolocationVerificationStepDefinition.theAPIShouldReturnAStatusCode(geolocationVerificationStepDefinition.java:47)
	at ✽.the API should return a 200 status code(file:///Users/monikadubey/Downloads/GeolocationApiAutomation-master%202/src/test/resources/features/geolocationVerification.feature:60)
]]></failure>
    <system-out><![CDATA[Request method:	POST
Request URI:	https://www.googleapis.com/geolocation/v1/geolocate?key=AIzaSyCl1cbsG4EVO7wJ103IqTG4xheubQY9AzM
Proxy:			<none>
Request params:	<none>
Query params:	<none>
Form params:	<none>
Path params:	<none>
Headers:		Accept=*/*
				Content-Type=application/json
Cookies:		<none>
Multiparts:		<none>
Body:
{
    "homeMobileCountryCode": 310,
    "homeMobileNetworkCode": 410,
    "radioType": null,
    "carrier": null,
    "considerIp": null
}
{
    "error": {
        "code": 403,
        "message": "PERMISSION_DENIED: You must enable Billing on the Google Cloud Project",
        "errors": [
            {
                "message": "PERMISSION_DENIED: You must enable Billing on the Google Cloud Project",
                "domain": "geolocation",
                "reason": "forbidden"
            }
        ]
    }
}
]]></system-out>
  </testcase>
  <testcase name="runScenario[&quot;Valid Request without considerIp&quot;, &quot;Geolocation API&quot;](11)" classname="runner.TestRunner" time="0.331">
    <failure message="expected [403] but found [200]" type="java.lang.AssertionError"><![CDATA[java.lang.AssertionError: expected [403] but found [200]
	at org.testng.Assert.fail(Assert.java:111)
	at org.testng.Assert.failNotEquals(Assert.java:1578)
	at org.testng.Assert.assertEqualsImpl(Assert.java:150)
	at org.testng.Assert.assertEquals(Assert.java:132)
	at org.testng.Assert.assertEquals(Assert.java:1419)
	at org.testng.Assert.assertEquals(Assert.java:1383)
	at org.testng.Assert.assertEquals(Assert.java:1429)
	at stepDefinitions.geolocationVerificationStepDefinition.theAPIShouldReturnAStatusCode(geolocationVerificationStepDefinition.java:47)
	at ✽.the API should return a 200 status code(file:///Users/monikadubey/Downloads/GeolocationApiAutomation-master%202/src/test/resources/features/geolocationVerification.feature:66)
]]></failure>
    <system-out><![CDATA[Request method:	POST
Request URI:	https://www.googleapis.com/geolocation/v1/geolocate?key=AIzaSyCl1cbsG4EVO7wJ103IqTG4xheubQY9AzM
Proxy:			<none>
Request params:	<none>
Query params:	<none>
Form params:	<none>
Path params:	<none>
Headers:		Accept=*/*
				Content-Type=application/json
Cookies:		<none>
Multiparts:		<none>
Body:
{
    "homeMobileCountryCode": 310,
    "homeMobileNetworkCode": 410,
    "radioType": "gsm",
    "carrier": "Vodafone",
    "considerIp": null
}
{
    "error": {
        "code": 403,
        "message": "PERMISSION_DENIED: You must enable Billing on the Google Cloud Project",
        "errors": [
            {
                "message": "PERMISSION_DENIED: You must enable Billing on the Google Cloud Project",
                "domain": "geolocation",
                "reason": "forbidden"
            }
        ]
    }
}
]]></system-out>
  </testcase>
</testsuite>